Entering 035-DIABLO !!!!!!!!!!!!!!!!!!!!!!!!!!!!!!
commandArgs:
05-DIABLO-master.Rmd
render
05-DIABLO-master
HTML
C:\Users\ablejec\AppData\Roaming\WInEdt Team\WinEdt 11/Contrib/R-Sweave/
End commandArgs
Entered 035a !!!!!!!!!!!!!!!!!!!!!!!!!!!!!!
network-035a-hormonomics-metabolomics-8
Entered 035a !!!!!!!!!!!!!!!!!!!!!!!!!!!!!!
network-035a-hormonomics-qPCR-8
Entered 035a !!!!!!!!!!!!!!!!!!!!!!!!!!!!!!
network-035a-hormonomics-phenomics-8
Entered 035a !!!!!!!!!!!!!!!!!!!!!!!!!!!!!!
network-035a-hormonomics-proteomics-8
Entered 035a !!!!!!!!!!!!!!!!!!!!!!!!!!!!!!
network-035a-metabolomics-qPCR-8
Entered 035a !!!!!!!!!!!!!!!!!!!!!!!!!!!!!!
network-035a-metabolomics-phenomics-8
Entered 035a !!!!!!!!!!!!!!!!!!!!!!!!!!!!!!
network-035a-metabolomics-proteomics-8
Entered 035a !!!!!!!!!!!!!!!!!!!!!!!!!!!!!!
network-035a-qPCR-phenomics-8
Entered 035a !!!!!!!!!!!!!!!!!!!!!!!!!!!!!!
network-035a-qPCR-proteomics-8
Entered 035a !!!!!!!!!!!!!!!!!!!!!!!!!!!!!!
network-035a-phenomics-proteomics-8
network-035b-C-D-H-0
network-035b-C-D-H-8
network-035b-C-0
network-035b-C-7
network-035b-D-0
network-035b-D-7
network-035b-H-0
network-035b-H-7
Mid diablo 5 41 !!!!!!!!!!!!!!!!!!!!!!!!!!!!!!
Mid diablo 5 !!!!!!!!!!!!!!!!!!!!!!!!!!!!!!
Mid diablo 6 !!!!!!!!!!!!!!!!!!!!!!!!!!!!!!
ho-me-qP-ph-pr/network-C_D_H-hormonomics_metabolomics_qPCR_phenomics_proteomics.txt
network-C_D_H-hormonomics_metabolomics_qPCR_phenomics_proteomics.txt
End diablo 7 !!!!!!!!!!!!!!!!!!!!!!!!!!!!!!
From 035-DIABLO !!!!!!!!!!!!!!!!!!!!!!!!!!!!!!
